<?xml version="1.0" encoding="UTF-8"?>
<!-- Generated by org.testng.reporters.JUnitReportReporter -->
<testsuite hostname="DESKTOP-7DT3MOT" failures="0" tests="2" name="tests.Test1" time="3.803" errors="0" timestamp="2024-12-11T23:05:20 IST" skipped="0">
  <testcase classname="tests.Test1" name="testLogin" time="0.444"/>
  <testcase classname="tests.Test1" name="checkFirstProduct" time="3.359"/>
</testsuite> <!-- tests.Test1 -->
